


ARM Macro Assembler    Page 1 


    1 00000000         ;/******************************************************
                       ************************
    2 00000000         ; * @file     startup_Nano1X2Series.s
    3 00000000         ; * @version  V1.00
    4 00000000         ; * $Revision: 6 $
    5 00000000         ; * $Date: 15/06/23 2:40p $ 
    6 00000000         ; * @brief    CMSIS ARM Cortex-M0 Core Device Startup Fi
                       le
    7 00000000         ; *
    8 00000000         ; * @note
    9 00000000         ; * Copyright (C) 2013 Nuvoton Technology Corp. All righ
                       ts reserved.
   10 00000000         ;*******************************************************
                       **********************/  
   11 00000000         
   12 00000000         ; <h> Stack Configuration
   13 00000000         ;   <o> Stack Size (in Bytes) <0x0-0xFFFFFFFF:8>
   14 00000000         ; </h>
   15 00000000         
   16 00000000                 IF               :LNOT: :DEF: Stack_Size
   18                          ENDIF
   19 00000000         
   20 00000000                 AREA             STACK, NOINIT, READWRITE, ALIGN
=3
   21 00000000         Stack_Mem
                               SPACE            Stack_Size
   22 00000800         __initial_sp
   23 00000800         
   24 00000800         
   25 00000800         ; <h> Heap Configuration
   26 00000800         ;   <o>  Heap Size (in Bytes) <0x0-0xFFFFFFFF:8>
   27 00000800         ; </h>
   28 00000800         
   29 00000800                 IF               :LNOT: :DEF: Heap_Size
   31                          ENDIF
   32 00000800         
   33 00000800                 AREA             HEAP, NOINIT, READWRITE, ALIGN=
3
   34 00000000         __heap_base
   35 00000000         Heap_Mem
                               SPACE            Heap_Size
   36 00000200         __heap_limit
   37 00000200         
   38 00000200         
   39 00000200                 PRESERVE8
   40 00000200                 THUMB
   41 00000200         
   42 00000200         
   43 00000200         ; Vector Table Mapped to Address 0 at Reset
   44 00000200         
   45 00000200                 AREA             RESET, DATA, READONLY
   46 00000000                 EXPORT           __Vectors
   47 00000000         
   48 00000000 00000000 
                       __Vectors
                               DCD              __initial_sp ; Top of Stack
   49 00000004 00000000        DCD              Reset_Handler ; Reset Handler
   50 00000008 00000000        DCD              NMI_Handler ; NMI Handler
   51 0000000C 00000000        DCD              HardFault_Handler ; Hard Fault 



ARM Macro Assembler    Page 2 


                                                            Handler
   52 00000010 00000000        DCD              0           ; Reserved
   53 00000014 00000000        DCD              0           ; Reserved
   54 00000018 00000000        DCD              0           ; Reserved
   55 0000001C 00000000        DCD              0           ; Reserved
   56 00000020 00000000        DCD              0           ; Reserved
   57 00000024 00000000        DCD              0           ; Reserved
   58 00000028 00000000        DCD              0           ; Reserved
   59 0000002C 00000000        DCD              SVC_Handler ; SVCall Handler
   60 00000030 00000000        DCD              0           ; Reserved
   61 00000034 00000000        DCD              0           ; Reserved
   62 00000038 00000000        DCD              PendSV_Handler ; PendSV Handler
                                                            
   63 0000003C 00000000        DCD              SysTick_Handler 
                                                            ; SysTick Handler
   64 00000040         
   65 00000040         ; External Interrupts
   66 00000040 00000000        DCD              BOD_IRQHandler ; Brownout low v
                                                            oltage detected int
                                                            errupt  
   67 00000044 00000000        DCD              WDT_IRQHandler ; Watch Dog Time
                                                            r interrupt  
   68 00000048 00000000        DCD              EINT0_IRQHandler ; External sig
                                                            nal interrupt from 
                                                            PB.14 pin
   69 0000004C 00000000        DCD              EINT1_IRQHandler ; External sig
                                                            nal interrupt from 
                                                            PB.15 pin
   70 00000050 00000000        DCD              GPABC_IRQHandler ; External int
                                                            errupt from PA[15:0
                                                            ]/PB[15:0]/PC[15:0]
                                                              
   71 00000054 00000000        DCD              GPDEF_IRQHandler ; External int
                                                            errupt from PD[15:0
                                                            ]/PE[15:0]/PF[7:0]
   72 00000058 00000000        DCD              PWM0_IRQHandler 
                                                            ; PWM 0 interrupt 
   73 0000005C 00000000        DCD              0           ; Reserved
   74 00000060 00000000        DCD              TMR0_IRQHandler 
                                                            ; Timer 0 interrupt
                                                            
   75 00000064 00000000        DCD              TMR1_IRQHandler ; Timer 1 inter
                                                            rupt  
   76 00000068 00000000        DCD              TMR2_IRQHandler ; Timer 2 inter
                                                            rupt 
   77 0000006C 00000000        DCD              TMR3_IRQHandler ; Timer 3 inter
                                                            rupt 
   78 00000070 00000000        DCD              UART0_IRQHandler 
                                                            ; UART0 interrupt
   79 00000074 00000000        DCD              UART1_IRQHandler 
                                                            ; UART1 interrupt
   80 00000078 00000000        DCD              SPI0_IRQHandler 
                                                            ; SPI0 interrupt 
   81 0000007C 00000000        DCD              SPI1_IRQHandler 
                                                            ; SPI1 interrupt 
   82 00000080 00000000        DCD              Default_Handler ; Reserved 
   83 00000084 00000000        DCD              HIRC_IRQHandler 
                                                            ; HIRC interrupt 
   84 00000088 00000000        DCD              I2C0_IRQHandler 



ARM Macro Assembler    Page 3 


                                                            ; I2C0 interrupt 
   85 0000008C 00000000        DCD              I2C1_IRQHandler 
                                                            ; I2C1 interrupt 
   86 00000090 00000000        DCD              Default_Handler ; Reserved
   87 00000094 00000000        DCD              SC0_IRQHandler ; SC0 interrupt
   88 00000098 00000000        DCD              SC1_IRQHandler ; SC1 interrupt
   89 0000009C 00000000        DCD              Default_Handler ; Reserved 
   90 000000A0 00000000        DCD              Default_Handler ; Reserved 
   91 000000A4 00000000        DCD              LCD_IRQHandler ; LCD interrupt 
                                                            
   92 000000A8 00000000        DCD              PDMA_IRQHandler 
                                                            ; PDMA interrupt
   93 000000AC 00000000        DCD              Default_Handler ; Reserved
   94 000000B0 00000000        DCD              PDWU_IRQHandler ; Power Down Wa
                                                            ke up interrupt
   95 000000B4 00000000        DCD              ADC_IRQHandler ; ADC interrupt
   96 000000B8 00000000        DCD              ACMP_IRQHandler 
                                                            ; ACMP interrupt
   97 000000BC 00000000        DCD              RTC_IRQHandler ; Real time cloc
                                                            k interrupt
   98 000000C0                 AREA             |.text|, CODE, READONLY
   99 00000000         
  100 00000000         
  101 00000000         ; Reset Handler
  102 00000000         
  103 00000000         Reset_Handler
                               PROC
  104 00000000                 EXPORT           Reset_Handler             [WEAK
]
  105 00000000                 IMPORT           __main
  106 00000000         ; Unlock Register
  107 00000000         ;LDR     R0, =0x50000100
  108 00000000         ;LDR     R1, =0x59
  109 00000000         ;STR     R1, [R0]
  110 00000000         ;LDR     R1, =0x16
  111 00000000         ;STR     R1, [R0]
  112 00000000         ;LDR     R1, =0x88
  113 00000000         ;STR     R1, [R0]
  114 00000000         
  115 00000000         ; Init POR
  116 00000000         ;LDR     R2, =0x50000060
  117 00000000         ;LDR     R1, =0x00005AA5
  118 00000000         ;STR     R1, [R2]
  119 00000000         
  120 00000000         ; Lock register
  121 00000000         ;MOVS    R1, #0
  122 00000000         ;STR     R1, [R0]
  123 00000000         
  124 00000000 4806            LDR              R0, =__main
  125 00000002 4700            BX               R0
  126 00000004                 ENDP
  127 00000004         
  128 00000004         
  129 00000004         ; Dummy Exception Handlers (infinite loops which can be 
                       modified)                
  130 00000004         
  131 00000004         NMI_Handler
                               PROC
  132 00000004                 EXPORT           NMI_Handler               [WEAK



ARM Macro Assembler    Page 4 


]
  133 00000004 E7FE            B                .
  134 00000006                 ENDP
  136 00000006         HardFault_Handler
                               PROC
  137 00000006                 EXPORT           HardFault_Handler         [WEAK
]
  138 00000006         
  139 00000006 E7FE            B                .
  140 00000008                 ENDP
  141 00000008         SVC_Handler
                               PROC
  142 00000008                 EXPORT           SVC_Handler               [WEAK
]
  143 00000008 E7FE            B                .
  144 0000000A                 ENDP
  145 0000000A         PendSV_Handler
                               PROC
  146 0000000A                 EXPORT           PendSV_Handler            [WEAK
]
  147 0000000A E7FE            B                .
  148 0000000C                 ENDP
  149 0000000C         SysTick_Handler
                               PROC
  150 0000000C                 EXPORT           SysTick_Handler           [WEAK
]
  151 0000000C E7FE            B                .
  152 0000000E                 ENDP
  153 0000000E         
  154 0000000E         Default_Handler
                               PROC
  155 0000000E         
  156 0000000E                 EXPORT           BOD_IRQHandler            [WEAK
]
  157 0000000E                 EXPORT           WDT_IRQHandler            [WEAK
]
  158 0000000E                 EXPORT           EINT0_IRQHandler          [WEAK
]
  159 0000000E                 EXPORT           EINT1_IRQHandler          [WEAK
]
  160 0000000E                 EXPORT           GPABC_IRQHandler          [WEAK
]
  161 0000000E                 EXPORT           GPDEF_IRQHandler          [WEAK
]
  162 0000000E                 EXPORT           PWM0_IRQHandler           [WEAK
]
  163 0000000E                 EXPORT           TMR0_IRQHandler           [WEAK
]
  164 0000000E                 EXPORT           TMR1_IRQHandler           [WEAK
]
  165 0000000E                 EXPORT           TMR2_IRQHandler           [WEAK
]
  166 0000000E                 EXPORT           TMR3_IRQHandler           [WEAK
]
  167 0000000E                 EXPORT           UART0_IRQHandler          [WEAK
]
  168 0000000E                 EXPORT           UART1_IRQHandler          [WEAK
]
  169 0000000E                 EXPORT           SPI0_IRQHandler           [WEAK



ARM Macro Assembler    Page 5 


]
  170 0000000E                 EXPORT           SPI1_IRQHandler           [WEAK
]
  171 0000000E                 EXPORT           HIRC_IRQHandler           [WEAK
]
  172 0000000E                 EXPORT           I2C0_IRQHandler           [WEAK
]
  173 0000000E                 EXPORT           I2C1_IRQHandler           [WEAK
]
  174 0000000E                 EXPORT           SC0_IRQHandler            [WEAK
]
  175 0000000E                 EXPORT           SC1_IRQHandler            [WEAK
]
  176 0000000E                 EXPORT           LCD_IRQHandler            [WEAK
]
  177 0000000E                 EXPORT           PDMA_IRQHandler           [WEAK
]
  178 0000000E                 EXPORT           PDWU_IRQHandler           [WEAK
]
  179 0000000E                 EXPORT           ADC_IRQHandler            [WEAK
]
  180 0000000E                 EXPORT           ACMP_IRQHandler           [WEAK
]
  181 0000000E                 EXPORT           RTC_IRQHandler            [WEAK
]
  182 0000000E         
  183 0000000E         BOD_IRQHandler
  184 0000000E         WDT_IRQHandler
  185 0000000E         EINT0_IRQHandler
  186 0000000E         EINT1_IRQHandler
  187 0000000E         GPABC_IRQHandler
  188 0000000E         GPDEF_IRQHandler
  189 0000000E         PWM0_IRQHandler
  190 0000000E         TMR0_IRQHandler
  191 0000000E         TMR1_IRQHandler
  192 0000000E         TMR2_IRQHandler
  193 0000000E         TMR3_IRQHandler
  194 0000000E         UART0_IRQHandler
  195 0000000E         UART1_IRQHandler
  196 0000000E         SPI0_IRQHandler
  197 0000000E         SPI1_IRQHandler
  198 0000000E         HIRC_IRQHandler
  199 0000000E         I2C0_IRQHandler
  200 0000000E         I2C1_IRQHandler
  201 0000000E         SC0_IRQHandler
  202 0000000E         SC1_IRQHandler
  203 0000000E         LCD_IRQHandler
  204 0000000E         PDMA_IRQHandler
  205 0000000E         PDWU_IRQHandler
  206 0000000E         ADC_IRQHandler
  207 0000000E         ACMP_IRQHandler
  208 0000000E         RTC_IRQHandler
  209 0000000E         
  210 0000000E E7FE            B                .
  211 00000010         
  212 00000010                 ENDP
  213 00000010         
  214 00000010         
  215 00000010                 ALIGN



ARM Macro Assembler    Page 6 


  216 00000010         
  217 00000010         
  218 00000010         ; User Initial Stack & Heap
  219 00000010         
  220 00000010                 IF               :DEF:__MICROLIB
  227 00000010         
  228 00000010                 IMPORT           __use_two_region_memory
  229 00000010                 EXPORT           __user_initial_stackheap
  230 00000010         __user_initial_stackheap
  231 00000010         
  232 00000010 4803            LDR              R0, =  Heap_Mem
  233 00000012 4904            LDR              R1, =(Stack_Mem + Stack_Size)
  234 00000014 4A04            LDR              R2, = (Heap_Mem +  Heap_Size)
  235 00000016 4B05            LDR              R3, = Stack_Mem
  236 00000018 4770            BX               LR
  237 0000001A         
  238 0000001A 00 00           ALIGN
  239 0000001C         
  240 0000001C                 ENDIF
  241 0000001C         
  242 0000001C         
  243 0000001C         
  244 0000001C         
  245 0000001C         
  246 0000001C                 END
              00000000 
              00000000 
              00000800 
              00000200 
              00000000 
Command Line: --debug --xref --diag_suppress=9931 --cpu=Cortex-M0 --apcs=interw
ork --depend=.\objects\startup_nano1x2series.d -o.\objects\startup_nano1x2serie
s.o -I.\RTE\_20190107 -Id:\Keil_v5\ARM\PACK\Nuvoton\NuMicro_DFP\1.3.3\Device\NA
NO112\Include -Id:\Keil_v5\ARM\CMSIS\Include --predefine="__UVISION_VERSION SET
A 524" --list=.\listings\startup_nano1x2series.lst ..\lib\Library\Device\Nuvoto
n\Nano1X2Series\Source\ARM\startup_Nano1X2Series.s



ARM Macro Assembler    Page 1 Alphabetic symbol ordering
Relocatable symbols

STACK 00000000

Symbol: STACK
   Definitions
      At line 20 in file ..\lib\Library\Device\Nuvoton\Nano1X2Series\Source\ARM
\startup_Nano1X2Series.s
   Uses
      None
Comment: STACK unused
Stack_Mem 00000000

Symbol: Stack_Mem
   Definitions
      At line 21 in file ..\lib\Library\Device\Nuvoton\Nano1X2Series\Source\ARM
\startup_Nano1X2Series.s
   Uses
      At line 233 in file ..\lib\Library\Device\Nuvoton\Nano1X2Series\Source\AR
M\startup_Nano1X2Series.s
      At line 235 in file ..\lib\Library\Device\Nuvoton\Nano1X2Series\Source\AR
M\startup_Nano1X2Series.s

__initial_sp 00000800

Symbol: __initial_sp
   Definitions
      At line 22 in file ..\lib\Library\Device\Nuvoton\Nano1X2Series\Source\ARM
\startup_Nano1X2Series.s
   Uses
      At line 48 in file ..\lib\Library\Device\Nuvoton\Nano1X2Series\Source\ARM
\startup_Nano1X2Series.s
Comment: __initial_sp used once
3 symbols



ARM Macro Assembler    Page 1 Alphabetic symbol ordering
Relocatable symbols

HEAP 00000000

Symbol: HEAP
   Definitions
      At line 33 in file ..\lib\Library\Device\Nuvoton\Nano1X2Series\Source\ARM
\startup_Nano1X2Series.s
   Uses
      None
Comment: HEAP unused
Heap_Mem 00000000

Symbol: Heap_Mem
   Definitions
      At line 35 in file ..\lib\Library\Device\Nuvoton\Nano1X2Series\Source\ARM
\startup_Nano1X2Series.s
   Uses
      At line 232 in file ..\lib\Library\Device\Nuvoton\Nano1X2Series\Source\AR
M\startup_Nano1X2Series.s
      At line 234 in file ..\lib\Library\Device\Nuvoton\Nano1X2Series\Source\AR
M\startup_Nano1X2Series.s

__heap_base 00000000

Symbol: __heap_base
   Definitions
      At line 34 in file ..\lib\Library\Device\Nuvoton\Nano1X2Series\Source\ARM
\startup_Nano1X2Series.s
   Uses
      None
Comment: __heap_base unused
__heap_limit 00000200

Symbol: __heap_limit
   Definitions
      At line 36 in file ..\lib\Library\Device\Nuvoton\Nano1X2Series\Source\ARM
\startup_Nano1X2Series.s
   Uses
      None
Comment: __heap_limit unused
4 symbols



ARM Macro Assembler    Page 1 Alphabetic symbol ordering
Relocatable symbols

RESET 00000000

Symbol: RESET
   Definitions
      At line 45 in file ..\lib\Library\Device\Nuvoton\Nano1X2Series\Source\ARM
\startup_Nano1X2Series.s
   Uses
      None
Comment: RESET unused
__Vectors 00000000

Symbol: __Vectors
   Definitions
      At line 48 in file ..\lib\Library\Device\Nuvoton\Nano1X2Series\Source\ARM
\startup_Nano1X2Series.s
   Uses
      At line 46 in file ..\lib\Library\Device\Nuvoton\Nano1X2Series\Source\ARM
\startup_Nano1X2Series.s
Comment: __Vectors used once
2 symbols



ARM Macro Assembler    Page 1 Alphabetic symbol ordering
Relocatable symbols

.text 00000000

Symbol: .text
   Definitions
      At line 98 in file ..\lib\Library\Device\Nuvoton\Nano1X2Series\Source\ARM
\startup_Nano1X2Series.s
   Uses
      None
Comment: .text unused
ACMP_IRQHandler 0000000E

Symbol: ACMP_IRQHandler
   Definitions
      At line 207 in file ..\lib\Library\Device\Nuvoton\Nano1X2Series\Source\AR
M\startup_Nano1X2Series.s
   Uses
      At line 96 in file ..\lib\Library\Device\Nuvoton\Nano1X2Series\Source\ARM
\startup_Nano1X2Series.s
      At line 180 in file ..\lib\Library\Device\Nuvoton\Nano1X2Series\Source\AR
M\startup_Nano1X2Series.s

ADC_IRQHandler 0000000E

Symbol: ADC_IRQHandler
   Definitions
      At line 206 in file ..\lib\Library\Device\Nuvoton\Nano1X2Series\Source\AR
M\startup_Nano1X2Series.s
   Uses
      At line 95 in file ..\lib\Library\Device\Nuvoton\Nano1X2Series\Source\ARM
\startup_Nano1X2Series.s
      At line 179 in file ..\lib\Library\Device\Nuvoton\Nano1X2Series\Source\AR
M\startup_Nano1X2Series.s

BOD_IRQHandler 0000000E

Symbol: BOD_IRQHandler
   Definitions
      At line 183 in file ..\lib\Library\Device\Nuvoton\Nano1X2Series\Source\AR
M\startup_Nano1X2Series.s
   Uses
      At line 66 in file ..\lib\Library\Device\Nuvoton\Nano1X2Series\Source\ARM
\startup_Nano1X2Series.s
      At line 156 in file ..\lib\Library\Device\Nuvoton\Nano1X2Series\Source\AR
M\startup_Nano1X2Series.s

Default_Handler 0000000E

Symbol: Default_Handler
   Definitions
      At line 154 in file ..\lib\Library\Device\Nuvoton\Nano1X2Series\Source\AR
M\startup_Nano1X2Series.s
   Uses
      At line 82 in file ..\lib\Library\Device\Nuvoton\Nano1X2Series\Source\ARM
\startup_Nano1X2Series.s
      At line 86 in file ..\lib\Library\Device\Nuvoton\Nano1X2Series\Source\ARM
\startup_Nano1X2Series.s
      At line 89 in file ..\lib\Library\Device\Nuvoton\Nano1X2Series\Source\ARM
\startup_Nano1X2Series.s
      At line 90 in file ..\lib\Library\Device\Nuvoton\Nano1X2Series\Source\ARM



ARM Macro Assembler    Page 2 Alphabetic symbol ordering
Relocatable symbols

\startup_Nano1X2Series.s
      At line 93 in file ..\lib\Library\Device\Nuvoton\Nano1X2Series\Source\ARM
\startup_Nano1X2Series.s

EINT0_IRQHandler 0000000E

Symbol: EINT0_IRQHandler
   Definitions
      At line 185 in file ..\lib\Library\Device\Nuvoton\Nano1X2Series\Source\AR
M\startup_Nano1X2Series.s
   Uses
      At line 68 in file ..\lib\Library\Device\Nuvoton\Nano1X2Series\Source\ARM
\startup_Nano1X2Series.s
      At line 158 in file ..\lib\Library\Device\Nuvoton\Nano1X2Series\Source\AR
M\startup_Nano1X2Series.s

EINT1_IRQHandler 0000000E

Symbol: EINT1_IRQHandler
   Definitions
      At line 186 in file ..\lib\Library\Device\Nuvoton\Nano1X2Series\Source\AR
M\startup_Nano1X2Series.s
   Uses
      At line 69 in file ..\lib\Library\Device\Nuvoton\Nano1X2Series\Source\ARM
\startup_Nano1X2Series.s
      At line 159 in file ..\lib\Library\Device\Nuvoton\Nano1X2Series\Source\AR
M\startup_Nano1X2Series.s

GPABC_IRQHandler 0000000E

Symbol: GPABC_IRQHandler
   Definitions
      At line 187 in file ..\lib\Library\Device\Nuvoton\Nano1X2Series\Source\AR
M\startup_Nano1X2Series.s
   Uses
      At line 70 in file ..\lib\Library\Device\Nuvoton\Nano1X2Series\Source\ARM
\startup_Nano1X2Series.s
      At line 160 in file ..\lib\Library\Device\Nuvoton\Nano1X2Series\Source\AR
M\startup_Nano1X2Series.s

GPDEF_IRQHandler 0000000E

Symbol: GPDEF_IRQHandler
   Definitions
      At line 188 in file ..\lib\Library\Device\Nuvoton\Nano1X2Series\Source\AR
M\startup_Nano1X2Series.s
   Uses
      At line 71 in file ..\lib\Library\Device\Nuvoton\Nano1X2Series\Source\ARM
\startup_Nano1X2Series.s
      At line 161 in file ..\lib\Library\Device\Nuvoton\Nano1X2Series\Source\AR
M\startup_Nano1X2Series.s

HIRC_IRQHandler 0000000E

Symbol: HIRC_IRQHandler
   Definitions
      At line 198 in file ..\lib\Library\Device\Nuvoton\Nano1X2Series\Source\AR
M\startup_Nano1X2Series.s
   Uses



ARM Macro Assembler    Page 3 Alphabetic symbol ordering
Relocatable symbols

      At line 83 in file ..\lib\Library\Device\Nuvoton\Nano1X2Series\Source\ARM
\startup_Nano1X2Series.s
      At line 171 in file ..\lib\Library\Device\Nuvoton\Nano1X2Series\Source\AR
M\startup_Nano1X2Series.s

HardFault_Handler 00000006

Symbol: HardFault_Handler
   Definitions
      At line 136 in file ..\lib\Library\Device\Nuvoton\Nano1X2Series\Source\AR
M\startup_Nano1X2Series.s
   Uses
      At line 51 in file ..\lib\Library\Device\Nuvoton\Nano1X2Series\Source\ARM
\startup_Nano1X2Series.s
      At line 137 in file ..\lib\Library\Device\Nuvoton\Nano1X2Series\Source\AR
M\startup_Nano1X2Series.s

I2C0_IRQHandler 0000000E

Symbol: I2C0_IRQHandler
   Definitions
      At line 199 in file ..\lib\Library\Device\Nuvoton\Nano1X2Series\Source\AR
M\startup_Nano1X2Series.s
   Uses
      At line 84 in file ..\lib\Library\Device\Nuvoton\Nano1X2Series\Source\ARM
\startup_Nano1X2Series.s
      At line 172 in file ..\lib\Library\Device\Nuvoton\Nano1X2Series\Source\AR
M\startup_Nano1X2Series.s

I2C1_IRQHandler 0000000E

Symbol: I2C1_IRQHandler
   Definitions
      At line 200 in file ..\lib\Library\Device\Nuvoton\Nano1X2Series\Source\AR
M\startup_Nano1X2Series.s
   Uses
      At line 85 in file ..\lib\Library\Device\Nuvoton\Nano1X2Series\Source\ARM
\startup_Nano1X2Series.s
      At line 173 in file ..\lib\Library\Device\Nuvoton\Nano1X2Series\Source\AR
M\startup_Nano1X2Series.s

LCD_IRQHandler 0000000E

Symbol: LCD_IRQHandler
   Definitions
      At line 203 in file ..\lib\Library\Device\Nuvoton\Nano1X2Series\Source\AR
M\startup_Nano1X2Series.s
   Uses
      At line 91 in file ..\lib\Library\Device\Nuvoton\Nano1X2Series\Source\ARM
\startup_Nano1X2Series.s
      At line 176 in file ..\lib\Library\Device\Nuvoton\Nano1X2Series\Source\AR
M\startup_Nano1X2Series.s

NMI_Handler 00000004

Symbol: NMI_Handler
   Definitions
      At line 131 in file ..\lib\Library\Device\Nuvoton\Nano1X2Series\Source\AR
M\startup_Nano1X2Series.s



ARM Macro Assembler    Page 4 Alphabetic symbol ordering
Relocatable symbols

   Uses
      At line 50 in file ..\lib\Library\Device\Nuvoton\Nano1X2Series\Source\ARM
\startup_Nano1X2Series.s
      At line 132 in file ..\lib\Library\Device\Nuvoton\Nano1X2Series\Source\AR
M\startup_Nano1X2Series.s

PDMA_IRQHandler 0000000E

Symbol: PDMA_IRQHandler
   Definitions
      At line 204 in file ..\lib\Library\Device\Nuvoton\Nano1X2Series\Source\AR
M\startup_Nano1X2Series.s
   Uses
      At line 92 in file ..\lib\Library\Device\Nuvoton\Nano1X2Series\Source\ARM
\startup_Nano1X2Series.s
      At line 177 in file ..\lib\Library\Device\Nuvoton\Nano1X2Series\Source\AR
M\startup_Nano1X2Series.s

PDWU_IRQHandler 0000000E

Symbol: PDWU_IRQHandler
   Definitions
      At line 205 in file ..\lib\Library\Device\Nuvoton\Nano1X2Series\Source\AR
M\startup_Nano1X2Series.s
   Uses
      At line 94 in file ..\lib\Library\Device\Nuvoton\Nano1X2Series\Source\ARM
\startup_Nano1X2Series.s
      At line 178 in file ..\lib\Library\Device\Nuvoton\Nano1X2Series\Source\AR
M\startup_Nano1X2Series.s

PWM0_IRQHandler 0000000E

Symbol: PWM0_IRQHandler
   Definitions
      At line 189 in file ..\lib\Library\Device\Nuvoton\Nano1X2Series\Source\AR
M\startup_Nano1X2Series.s
   Uses
      At line 72 in file ..\lib\Library\Device\Nuvoton\Nano1X2Series\Source\ARM
\startup_Nano1X2Series.s
      At line 162 in file ..\lib\Library\Device\Nuvoton\Nano1X2Series\Source\AR
M\startup_Nano1X2Series.s

PendSV_Handler 0000000A

Symbol: PendSV_Handler
   Definitions
      At line 145 in file ..\lib\Library\Device\Nuvoton\Nano1X2Series\Source\AR
M\startup_Nano1X2Series.s
   Uses
      At line 62 in file ..\lib\Library\Device\Nuvoton\Nano1X2Series\Source\ARM
\startup_Nano1X2Series.s
      At line 146 in file ..\lib\Library\Device\Nuvoton\Nano1X2Series\Source\AR
M\startup_Nano1X2Series.s

RTC_IRQHandler 0000000E

Symbol: RTC_IRQHandler
   Definitions
      At line 208 in file ..\lib\Library\Device\Nuvoton\Nano1X2Series\Source\AR



ARM Macro Assembler    Page 5 Alphabetic symbol ordering
Relocatable symbols

M\startup_Nano1X2Series.s
   Uses
      At line 97 in file ..\lib\Library\Device\Nuvoton\Nano1X2Series\Source\ARM
\startup_Nano1X2Series.s
      At line 181 in file ..\lib\Library\Device\Nuvoton\Nano1X2Series\Source\AR
M\startup_Nano1X2Series.s

Reset_Handler 00000000

Symbol: Reset_Handler
   Definitions
      At line 103 in file ..\lib\Library\Device\Nuvoton\Nano1X2Series\Source\AR
M\startup_Nano1X2Series.s
   Uses
      At line 49 in file ..\lib\Library\Device\Nuvoton\Nano1X2Series\Source\ARM
\startup_Nano1X2Series.s
      At line 104 in file ..\lib\Library\Device\Nuvoton\Nano1X2Series\Source\AR
M\startup_Nano1X2Series.s

SC0_IRQHandler 0000000E

Symbol: SC0_IRQHandler
   Definitions
      At line 201 in file ..\lib\Library\Device\Nuvoton\Nano1X2Series\Source\AR
M\startup_Nano1X2Series.s
   Uses
      At line 87 in file ..\lib\Library\Device\Nuvoton\Nano1X2Series\Source\ARM
\startup_Nano1X2Series.s
      At line 174 in file ..\lib\Library\Device\Nuvoton\Nano1X2Series\Source\AR
M\startup_Nano1X2Series.s

SC1_IRQHandler 0000000E

Symbol: SC1_IRQHandler
   Definitions
      At line 202 in file ..\lib\Library\Device\Nuvoton\Nano1X2Series\Source\AR
M\startup_Nano1X2Series.s
   Uses
      At line 88 in file ..\lib\Library\Device\Nuvoton\Nano1X2Series\Source\ARM
\startup_Nano1X2Series.s
      At line 175 in file ..\lib\Library\Device\Nuvoton\Nano1X2Series\Source\AR
M\startup_Nano1X2Series.s

SPI0_IRQHandler 0000000E

Symbol: SPI0_IRQHandler
   Definitions
      At line 196 in file ..\lib\Library\Device\Nuvoton\Nano1X2Series\Source\AR
M\startup_Nano1X2Series.s
   Uses
      At line 80 in file ..\lib\Library\Device\Nuvoton\Nano1X2Series\Source\ARM
\startup_Nano1X2Series.s
      At line 169 in file ..\lib\Library\Device\Nuvoton\Nano1X2Series\Source\AR
M\startup_Nano1X2Series.s

SPI1_IRQHandler 0000000E

Symbol: SPI1_IRQHandler
   Definitions



ARM Macro Assembler    Page 6 Alphabetic symbol ordering
Relocatable symbols

      At line 197 in file ..\lib\Library\Device\Nuvoton\Nano1X2Series\Source\AR
M\startup_Nano1X2Series.s
   Uses
      At line 81 in file ..\lib\Library\Device\Nuvoton\Nano1X2Series\Source\ARM
\startup_Nano1X2Series.s
      At line 170 in file ..\lib\Library\Device\Nuvoton\Nano1X2Series\Source\AR
M\startup_Nano1X2Series.s

SVC_Handler 00000008

Symbol: SVC_Handler
   Definitions
      At line 141 in file ..\lib\Library\Device\Nuvoton\Nano1X2Series\Source\AR
M\startup_Nano1X2Series.s
   Uses
      At line 59 in file ..\lib\Library\Device\Nuvoton\Nano1X2Series\Source\ARM
\startup_Nano1X2Series.s
      At line 142 in file ..\lib\Library\Device\Nuvoton\Nano1X2Series\Source\AR
M\startup_Nano1X2Series.s

SysTick_Handler 0000000C

Symbol: SysTick_Handler
   Definitions
      At line 149 in file ..\lib\Library\Device\Nuvoton\Nano1X2Series\Source\AR
M\startup_Nano1X2Series.s
   Uses
      At line 63 in file ..\lib\Library\Device\Nuvoton\Nano1X2Series\Source\ARM
\startup_Nano1X2Series.s
      At line 150 in file ..\lib\Library\Device\Nuvoton\Nano1X2Series\Source\AR
M\startup_Nano1X2Series.s

TMR0_IRQHandler 0000000E

Symbol: TMR0_IRQHandler
   Definitions
      At line 190 in file ..\lib\Library\Device\Nuvoton\Nano1X2Series\Source\AR
M\startup_Nano1X2Series.s
   Uses
      At line 74 in file ..\lib\Library\Device\Nuvoton\Nano1X2Series\Source\ARM
\startup_Nano1X2Series.s
      At line 163 in file ..\lib\Library\Device\Nuvoton\Nano1X2Series\Source\AR
M\startup_Nano1X2Series.s

TMR1_IRQHandler 0000000E

Symbol: TMR1_IRQHandler
   Definitions
      At line 191 in file ..\lib\Library\Device\Nuvoton\Nano1X2Series\Source\AR
M\startup_Nano1X2Series.s
   Uses
      At line 75 in file ..\lib\Library\Device\Nuvoton\Nano1X2Series\Source\ARM
\startup_Nano1X2Series.s
      At line 164 in file ..\lib\Library\Device\Nuvoton\Nano1X2Series\Source\AR
M\startup_Nano1X2Series.s

TMR2_IRQHandler 0000000E

Symbol: TMR2_IRQHandler



ARM Macro Assembler    Page 7 Alphabetic symbol ordering
Relocatable symbols

   Definitions
      At line 192 in file ..\lib\Library\Device\Nuvoton\Nano1X2Series\Source\AR
M\startup_Nano1X2Series.s
   Uses
      At line 76 in file ..\lib\Library\Device\Nuvoton\Nano1X2Series\Source\ARM
\startup_Nano1X2Series.s
      At line 165 in file ..\lib\Library\Device\Nuvoton\Nano1X2Series\Source\AR
M\startup_Nano1X2Series.s

TMR3_IRQHandler 0000000E

Symbol: TMR3_IRQHandler
   Definitions
      At line 193 in file ..\lib\Library\Device\Nuvoton\Nano1X2Series\Source\AR
M\startup_Nano1X2Series.s
   Uses
      At line 77 in file ..\lib\Library\Device\Nuvoton\Nano1X2Series\Source\ARM
\startup_Nano1X2Series.s
      At line 166 in file ..\lib\Library\Device\Nuvoton\Nano1X2Series\Source\AR
M\startup_Nano1X2Series.s

UART0_IRQHandler 0000000E

Symbol: UART0_IRQHandler
   Definitions
      At line 194 in file ..\lib\Library\Device\Nuvoton\Nano1X2Series\Source\AR
M\startup_Nano1X2Series.s
   Uses
      At line 78 in file ..\lib\Library\Device\Nuvoton\Nano1X2Series\Source\ARM
\startup_Nano1X2Series.s
      At line 167 in file ..\lib\Library\Device\Nuvoton\Nano1X2Series\Source\AR
M\startup_Nano1X2Series.s

UART1_IRQHandler 0000000E

Symbol: UART1_IRQHandler
   Definitions
      At line 195 in file ..\lib\Library\Device\Nuvoton\Nano1X2Series\Source\AR
M\startup_Nano1X2Series.s
   Uses
      At line 79 in file ..\lib\Library\Device\Nuvoton\Nano1X2Series\Source\ARM
\startup_Nano1X2Series.s
      At line 168 in file ..\lib\Library\Device\Nuvoton\Nano1X2Series\Source\AR
M\startup_Nano1X2Series.s

WDT_IRQHandler 0000000E

Symbol: WDT_IRQHandler
   Definitions
      At line 184 in file ..\lib\Library\Device\Nuvoton\Nano1X2Series\Source\AR
M\startup_Nano1X2Series.s
   Uses
      At line 67 in file ..\lib\Library\Device\Nuvoton\Nano1X2Series\Source\ARM
\startup_Nano1X2Series.s
      At line 157 in file ..\lib\Library\Device\Nuvoton\Nano1X2Series\Source\AR
M\startup_Nano1X2Series.s

__user_initial_stackheap 00000010




ARM Macro Assembler    Page 8 Alphabetic symbol ordering
Relocatable symbols

Symbol: __user_initial_stackheap
   Definitions
      At line 230 in file ..\lib\Library\Device\Nuvoton\Nano1X2Series\Source\AR
M\startup_Nano1X2Series.s
   Uses
      At line 229 in file ..\lib\Library\Device\Nuvoton\Nano1X2Series\Source\AR
M\startup_Nano1X2Series.s
Comment: __user_initial_stackheap used once
35 symbols



ARM Macro Assembler    Page 1 Alphabetic symbol ordering
Absolute symbols

Heap_Size 00000200

Symbol: Heap_Size
   Definitions
      At line 30 in file ..\lib\Library\Device\Nuvoton\Nano1X2Series\Source\ARM
\startup_Nano1X2Series.s
   Uses
      At line 35 in file ..\lib\Library\Device\Nuvoton\Nano1X2Series\Source\ARM
\startup_Nano1X2Series.s
      At line 234 in file ..\lib\Library\Device\Nuvoton\Nano1X2Series\Source\AR
M\startup_Nano1X2Series.s

Stack_Size 00000800

Symbol: Stack_Size
   Definitions
      At line 17 in file ..\lib\Library\Device\Nuvoton\Nano1X2Series\Source\ARM
\startup_Nano1X2Series.s
   Uses
      At line 21 in file ..\lib\Library\Device\Nuvoton\Nano1X2Series\Source\ARM
\startup_Nano1X2Series.s
      At line 233 in file ..\lib\Library\Device\Nuvoton\Nano1X2Series\Source\AR
M\startup_Nano1X2Series.s

2 symbols



ARM Macro Assembler    Page 1 Alphabetic symbol ordering
External symbols

__main 00000000

Symbol: __main
   Definitions
      At line 105 in file ..\lib\Library\Device\Nuvoton\Nano1X2Series\Source\AR
M\startup_Nano1X2Series.s
   Uses
      At line 124 in file ..\lib\Library\Device\Nuvoton\Nano1X2Series\Source\AR
M\startup_Nano1X2Series.s
Comment: __main used once
__use_two_region_memory 00000000

Symbol: __use_two_region_memory
   Definitions
      At line 228 in file ..\lib\Library\Device\Nuvoton\Nano1X2Series\Source\AR
M\startup_Nano1X2Series.s
   Uses
      None
Comment: __use_two_region_memory unused
2 symbols
385 symbols in table
